260505 14:45:18 mysqld_safe Starting mariadbd daemon with databases from /config/databases
2026-05-05 14:45:18 0 [Note] Starting MariaDB 11.4.10-MariaDB source revision 054a893f1645b77e52a329a7fc8cf614eebd1fad server_uid ij65EMlI5ThwnW2M704fsBwPf6c= as process 261Warning: World-writable config file '/config/custom.cnf' is ignored
2026-05-05 14:45:18 0 [Warning] Setting lower_case_table_names=2 because file system for /config/databases/ is case insensitive

2026-05-05 14:45:18 0 [Note] InnoDB: Compressed tables use zlib 1.3.2
2026-05-05 14:45:18 0 [Note] InnoDB: Number of transaction pools: 1
2026-05-05 14:45:18 0 [Note] InnoDB: Using crc32 + pclmulqdq instructions
2026-05-05 14:45:18 0 [Note] mariadbd: O_TMPFILE is not supported on /var/tmp (disabling future attempts)
2026-05-05 14:45:18 0 [Note] InnoDB: Using Linux native AIO
2026-05-05 14:45:18 0 [Note] InnoDB: innodb_buffer_pool_size_max=128m, innodb_buffer_pool_size=128m
2026-05-05 14:45:18 0 [Note] InnoDB: Completed initialization of buffer pool
2026-05-05 14:45:18 0 [Note] InnoDB: Buffered log writes (block size=512 bytes)
2026-05-05 14:45:18 0 [Note] InnoDB: Starting crash recovery from checkpoint LSN=3635938
2026-05-05 14:45:18 0 [Note] InnoDB: End of log at LSN=11411923
2026-05-05 14:45:18 0 [Note] InnoDB: To recover: 302 pages
2026-05-05 14:45:18 0 [Note] InnoDB: Last binlog file '/config/log/mysql/mariadb-bin.000005', position 3090960
2026-05-05 14:45:18 0 [Note] InnoDB: Opened 3 undo tablespaces
2026-05-05 14:45:18 0 [Note] InnoDB: 128 rollback segments in 3 undo tablespaces are active.
2026-05-05 14:45:18 0 [Note] InnoDB: Removed temporary tablespace data file: "./ibtmp1"
2026-05-05 14:45:18 0 [Note] InnoDB: Setting file './ibtmp1' size to 12.000MiB. Physically writing the file full; Please wait ...
2026-05-05 14:45:18 0 [Note] InnoDB: File './ibtmp1' size is now 12.000MiB.
2026-05-05 14:45:18 0 [Note] InnoDB: log sequence number 11411923; transaction id 7003
2026-05-05 14:45:18 0 [Note] Plugin 'FEEDBACK' is disabled.
2026-05-05 14:45:18 0 [Note] Plugin 'wsrep-provider' is disabled.
2026-05-05 14:45:18 0 [Note] InnoDB: Loading buffer pool(s) from /config/databases/ib_buffer_pool
2026-05-05 14:45:18 0 [Note] InnoDB: Buffer pool(s) load completed at 260505 14:45:18
2026-05-05 14:45:19 0 [Note] Server socket created on IP: '0.0.0.0', port: '3306'.
2026-05-05 14:45:19 0 [Note] Server socket created on IP: '::', port: '3306'.
2026-05-05 14:45:19 0 [Note] mariadbd: Event Scheduler: Loaded 0 events
2026-05-05 14:45:19 0 [Note] /usr/bin/mariadbd: ready for connections.
Version: '11.4.10-MariaDB'  socket: '/run/mysqld/mysqld.sock'  port: 3306  Alpine Linux
2026-05-05 14:45:19 3 [Warning] Aborted connection 3 to db: 'unconnected' user: 'unauthenticated' host: 'localhost' (This connection closed normally without authentication)
2026-05-05 14:45:19 5 [Warning] Access denied for user 'root'@'localhost' (using password: YES)
2026-05-05 14:45:20 6 [Warning] Aborted connection 6 to db: 'unconnected' user: 'unauthenticated' host: 'bookstack.docker-bookstack_default' (This connection closed normally without authentication)
2026-05-05 17:30:08 0 [Note] /usr/bin/mariadbd (initiated by: unknown): Normal shutdown
2026-05-05 17:30:08 0 [Note] InnoDB: FTS optimize thread exiting.
2026-05-05 17:30:08 0 [Note] InnoDB: Starting shutdown...
2026-05-05 17:30:08 0 [Note] InnoDB: Dumping buffer pool(s) to /config/databases/ib_buffer_pool
2026-05-05 17:30:08 0 [Note] InnoDB: Buffer pool(s) dump completed at 260505 17:30:08
2026-05-05 17:30:09 0 [Note] InnoDB: Removed temporary tablespace data file: "./ibtmp1"
2026-05-05 17:30:09 0 [Note] InnoDB: Shutdown completed; log sequence number 13894326; transaction id 7941
2026-05-05 17:30:09 0 [Note] /usr/bin/mariadbd: Shutdown complete
260505 17:30:09 mysqld_safe mysqld from pid file /run/mysqld/mysqld.pid ended
